Command line:
   isim.exe
     -simmode  tcl
     -simrunnum  0
     -socket  42353

Tue Aug 25 03:09:15 2020


 Elaboration Time: 0.06 sec

 Current Memory Usage: 187.13 Meg

 Total Signals          : 4707
 Total Nets             : 17776
 Total Signal Drivers   : 2747
 Total Blocks           : 363
 Total Primitive Blocks : 320
 Total Processes        : 3446
 Total Traceable Variables  : 1329
 Total Scalar Nets and Variables : 402912
Total Line Count : 5371

 Total Simulation Time: 1.01 sec

 Current Memory Usage: 267.694 Meg

Tue Aug 25 03:09:17 2020

